0.00218639
0.00397829
0.00755276
0.00282374
0.00574731
0.0218833
0.00931896
0.00431684
0.00227097
0.000150831
8.08593e-05
0.00830179
0.00816256
0.0113208
0.012158
0.00258363
0.00306294
0.00215943
0.00476497
0.00209299
0.00361723
0.00395652
0.0062655
0.00876928
0.00348196
0.00522375
0.00705029
0.00742071
0.00105043
0.0012604
0.00596275
0.00231552
0.00589566
0.000913575
0.00755634
0.00104665
0.00354685
0.00205111
0.00033015
0.00184773
0.01565
0.00516154
0.00250766
0.00693823
0.000295102
0.0196658
0.0117898
0.000193987
0.0171469
0.000395517
0.000173554
0.0166218
0.00014257
0.00715116
0.00217884
0.0101294
0.00695285
0.00422457
0.00414982
0.011436
0.00998356
0.00223802
0.00730474
2.23836e-06
0.00857635
0.00272128
8.03898e-05
0.000114892
0.00582176
0.0003334
0.00524116
1.53629e-05
0.00617386
0.00252273
0.004341
0.0086181
1.98289e-05
3.37617e-05
0.000239143
0.000499906
0.00687981
0.00409342
0.0123051
0.00672232
0.0103221
0.0235891
0.013551
0.00409806
0.0044354
0.0135691
0.000214651
0.00667029
0.00358936
0.00602805
0.000445342
0.00102559
0.00359972
0.0204885
0.00591353
0.00293373
